# JRE version: Java(TM) SE Runtime Environment 18.9 (11.0.18+9) (build 11.0.18+9-LTS-195)
# Java VM: Java HotSpot(TM) 64-Bit Server VM 18.9 (11.0.18+9-LTS-195, mixed mode, tiered, compressed oops, g1 gc, windows-amd64)
Heap:
 garbage-first heap   total 414720K, used 359706K [0x0000000080000000, 0x0000000100000000)
  region size 1024K, 48 young (49152K), 7 survivors (7168K)
 Metaspace       used 208878K, capacity 216512K, committed 216640K, reserved 704512K
  class space    used 27168K, capacity 30008K, committed 30080K, reserved 516096K
GC Heap History (10 events):
Event: 1386.638 GC heap before
{Heap before GC invocations=130 (full 0):
 garbage-first heap   total 414720K, used 356911K [0x0000000080000000, 0x0000000100000000)
  region size 1024K, 51 young (52224K), 1 survivors (1024K)
 Metaspace       used 204442K, capacity 211739K, committed 211904K, reserved 700416K
  class space    used 26582K, capacity 29364K, committed 29440K, reserved 516096K
}
Event: 1386.644 GC heap after
{Heap after GC invocations=131 (full 0):
 garbage-first heap   total 414720K, used 305358K [0x0000000080000000, 0x0000000100000000)
  region size 1024K, 1 young (1024K), 1 survivors (1024K)
 Metaspace       used 204442K, capacity 211739K, committed 211904K, reserved 700416K
  class space    used 26582K, capacity 29364K, committed 29440K, reserved 516096K
}
Event: 1388.787 GC heap before
{Heap before GC invocations=132 (full 0):
 garbage-first heap   total 414720K, used 357582K [0x0000000080000000, 0x0000000100000000)
  region size 1024K, 53 young (54272K), 1 survivors (1024K)
 Metaspace       used 205123K, capacity 212545K, committed 212800K, reserved 700416K
  class space    used 26679K, capacity 29475K, committed 29568K, reserved 516096K
}
Event: 1388.797 GC heap after
{Heap after GC invocations=133 (full 0):
 garbage-first heap   total 414720K, used 307664K [0x0000000080000000, 0x0000000100000000)
  region size 1024K, 3 young (3072K), 3 survivors (3072K)
 Metaspace       used 205123K, capacity 212545K, committed 212800K, reserved 700416K
  class space    used 26679K, capacity 29475K, committed 29568K, reserved 516096K
}
Event: 1389.187 GC heap before
{Heap before GC invocations=133 (full 0):
 garbage-first heap   total 414720K, used 324048K [0x0000000080000000, 0x0000000100000000)
  region size 1024K, 20 young (20480K), 3 survivors (3072K)
 Metaspace       used 205906K, capacity 213335K, committed 213568K, reserved 700416K
  class space    used 26758K, capacity 29546K, committed 29568K, reserved 516096K
}
Event: 1389.197 GC heap after
{Heap after GC invocations=134 (full 0):
 garbage-first heap   total 414720K, used 304501K [0x0000000080000000, 0x0000000100000000)
  region size 1024K, 1 young (1024K), 1 survivors (1024K)
 Metaspace       used 205906K, capacity 213335K, committed 213568K, reserved 700416K
  class space    used 26758K, capacity 29546K, committed 29568K, reserved 516096K
}
Event: 1389.682 GC heap before
{Heap before GC invocations=134 (full 0):
 garbage-first heap   total 414720K, used 357749K [0x0000000080000000, 0x0000000100000000)
  region size 1024K, 54 young (55296K), 1 survivors (1024K)
 Metaspace       used 206871K, capacity 214398K, committed 214592K, reserved 702464K
  class space    used 26893K, capacity 29724K, committed 29824K, reserved 516096K
}
Event: 1389.691 GC heap after
{Heap after GC invocations=135 (full 0):
 garbage-first heap   total 414720K, used 310503K [0x0000000080000000, 0x0000000100000000)
  region size 1024K, 7 young (7168K), 7 survivors (7168K)
 Metaspace       used 206871K, capacity 214398K, committed 214592K, reserved 702464K
  class space    used 26893K, capacity 29724K, committed 29824K, reserved 516096K
}
Event: 1390.226 GC heap before
{Heap before GC invocations=135 (full 0):
 garbage-first heap   total 414720K, used 358631K [0x0000000080000000, 0x0000000100000000)
  region size 1024K, 55 young (56320K), 7 survivors (7168K)
 Metaspace       used 208001K, capacity 215599K, committed 215744K, reserved 702464K
  class space    used 27062K, capacity 29895K, committed 29952K, reserved 516096K
}
Event: 1390.244 GC heap after
{Heap after GC invocations=136 (full 0):
 garbage-first heap   total 414720K, used 317722K [0x0000000080000000, 0x0000000100000000)
  region size 1024K, 7 young (7168K), 7 survivors (7168K)
 Metaspace       used 208001K, capacity 215599K, committed 215744K, reserved 702464K
  class space    used 27062K, capacity 29895K, committed 29952K, reserved 516096K
}

