# JRE version: Java(TM) SE Runtime Environment 18.9 (11.0.18+9) (build 11.0.18+9-LTS-195)
# Java VM: Java HotSpot(TM) 64-Bit Server VM 18.9 (11.0.18+9-LTS-195, mixed mode, tiered, compressed oops, g1 gc, windows-amd64)
Heap:
 garbage-first heap   total 760832K, used 334595K [0x0000000080000000, 0x0000000100000000)
  region size 1024K, 6 young (6144K), 6 survivors (6144K)
 Metaspace       used 134048K, capacity 139113K, committed 139300K, reserved 636928K
  class space    used 17773K, capacity 19737K, committed 19840K, reserved 516096K
GC Heap History (10 events):
Event: 50.533 GC heap after
{Heap after GC invocations=85 (full 16):
 garbage-first heap   total 474112K, used 236577K [0x0000000080000000, 0x0000000100000000)
  region size 1024K, 1 young (1024K), 1 survivors (1024K)
 Metaspace       used 125061K, capacity 129695K, committed 129956K, reserved 628736K
  class space    used 16369K, capacity 18160K, committed 18176K, reserved 516096K
}
Event: 51.216 GC heap before
{Heap before GC invocations=86 (full 16):
 garbage-first heap   total 474112K, used 304161K [0x0000000080000000, 0x0000000100000000)
  region size 1024K, 67 young (68608K), 1 survivors (1024K)
 Metaspace       used 125523K, capacity 130136K, committed 130340K, reserved 628736K
  class space    used 16419K, capacity 18200K, committed 18304K, reserved 516096K
}
Event: 51.221 GC heap after
{Heap after GC invocations=87 (full 16):
 garbage-first heap   total 474112K, used 243715K [0x0000000080000000, 0x0000000100000000)
  region size 1024K, 5 young (5120K), 5 survivors (5120K)
 Metaspace       used 125523K, capacity 130136K, committed 130340K, reserved 628736K
  class space    used 16419K, capacity 18200K, committed 18304K, reserved 516096K
}
Event: 51.886 GC heap before
{Heap before GC invocations=88 (full 16):
 garbage-first heap   total 474112K, used 324611K [0x0000000080000000, 0x0000000100000000)
  region size 1024K, 61 young (62464K), 5 survivors (5120K)
 Metaspace       used 128576K, capacity 133295K, committed 133540K, reserved 632832K
  class space    used 16858K, capacity 18682K, committed 18688K, reserved 516096K
}
Event: 51.906 GC heap after
{Heap after GC invocations=89 (full 16):
 garbage-first heap   total 474112K, used 274291K [0x0000000080000000, 0x0000000100000000)
  region size 1024K, 19 young (19456K), 19 survivors (19456K)
 Metaspace       used 128576K, capacity 133295K, committed 133540K, reserved 632832K
  class space    used 16858K, capacity 18682K, committed 18688K, reserved 516096K
}
Event: 52.611 GC heap before
{Heap before GC invocations=90 (full 16):
 garbage-first heap   total 474112K, used 362355K [0x0000000080000000, 0x0000000100000000)
  region size 1024K, 104 young (106496K), 19 survivors (19456K)
 Metaspace       used 130935K, capacity 135760K, committed 135844K, reserved 632832K
  class space    used 17326K, capacity 19187K, committed 19200K, reserved 516096K
}
Event: 52.676 GC heap after
{Heap after GC invocations=91 (full 16):
 garbage-first heap   total 474112K, used 314174K [0x0000000080000000, 0x0000000100000000)
  region size 1024K, 13 young (13312K), 13 survivors (13312K)
 Metaspace       used 130935K, capacity 135760K, committed 135844K, reserved 632832K
  class space    used 17326K, capacity 19187K, committed 19200K, reserved 516096K
}
Event: 53.230 GC heap before
{Heap before GC invocations=91 (full 16):
 garbage-first heap   total 474112K, used 373566K [0x0000000080000000, 0x0000000100000000)
  region size 1024K, 72 young (73728K), 13 survivors (13312K)
 Metaspace       used 132999K, capacity 137834K, committed 138020K, reserved 634880K
  class space    used 17614K, capacity 19493K, committed 19584K, reserved 516096K
}
Event: 53.264 GC heap after
{Heap after GC invocations=92 (full 16):
 garbage-first heap   total 474112K, used 337434K [0x0000000080000000, 0x0000000100000000)
  region size 1024K, 9 young (9216K), 9 survivors (9216K)
 Metaspace       used 132999K, capacity 137834K, committed 138020K, reserved 634880K
  class space    used 17614K, capacity 19493K, committed 19584K, reserved 516096K
}
Event: 53.806 GC heap before
{Heap before GC invocations=92 (full 16):
 garbage-first heap   total 474112K, used 371738K [0x0000000080000000, 0x0000000100000000)
  region size 1024K, 53 young (54272K), 9 survivors (9216K)
 Metaspace       used 134048K, capacity 139113K, committed 139300K, reserved 636928K
  class space    used 17773K, capacity 19737K, committed 19840K, reserved 516096K
}

