# JRE version: Java(TM) SE Runtime Environment 18.9 (11.0.18+9) (build 11.0.18+9-LTS-195)
# Java VM: Java HotSpot(TM) 64-Bit Server VM 18.9 (11.0.18+9-LTS-195, mixed mode, tiered, compressed oops, g1 gc, windows-amd64)
Heap:
 garbage-first heap   total 315392K, used 61941K [0x0000000701800000, 0x0000000800000000)
  region size 1024K, 12 young (12288K), 5 survivors (5120K)
 Metaspace       used 59779K, capacity 60546K, committed 60884K, reserved 1103872K
  class space    used 6897K, capacity 7240K, committed 7352K, reserved 1048576K
GC Heap History (10 events):
Event: 4.788 GC heap before
{Heap before GC invocations=5 (full 0):
 garbage-first heap   total 262144K, used 30404K [0x0000000701800000, 0x0000000800000000)
  region size 1024K, 11 young (11264K), 2 survivors (2048K)
 Metaspace       used 35354K, capacity 35745K, committed 35920K, reserved 1081344K
  class space    used 4391K, capacity 4570K, committed 4608K, reserved 1048576K
}
Event: 4.790 GC heap after
{Heap after GC invocations=6 (full 0):
 garbage-first heap   total 262144K, used 20603K [0x0000000701800000, 0x0000000800000000)
  region size 1024K, 2 young (2048K), 2 survivors (2048K)
 Metaspace       used 35354K, capacity 35745K, committed 35920K, reserved 1081344K
  class space    used 4391K, capacity 4570K, committed 4608K, reserved 1048576K
}
Event: 7.935 GC heap before
{Heap before GC invocations=7 (full 0):
 garbage-first heap   total 262144K, used 110715K [0x0000000701800000, 0x0000000800000000)
  region size 1024K, 87 young (89088K), 2 survivors (2048K)
 Metaspace       used 49084K, capacity 49594K, committed 49616K, reserved 1093632K
  class space    used 5764K, capacity 5995K, committed 6016K, reserved 1048576K
}
Event: 7.949 GC heap after
{Heap after GC invocations=8 (full 0):
 garbage-first heap   total 262144K, used 36156K [0x0000000701800000, 0x0000000800000000)
  region size 1024K, 11 young (11264K), 11 survivors (11264K)
 Metaspace       used 49084K, capacity 49594K, committed 49616K, reserved 1093632K
  class space    used 5764K, capacity 5995K, committed 6016K, reserved 1048576K
}
Event: 8.491 GC heap before
{Heap before GC invocations=8 (full 0):
 garbage-first heap   total 262144K, used 50492K [0x0000000701800000, 0x0000000800000000)
  region size 1024K, 25 young (25600K), 11 survivors (11264K)
 Metaspace       used 49486K, capacity 50006K, committed 50128K, reserved 1093632K
  class space    used 5783K, capacity 6002K, committed 6016K, reserved 1048576K
}
Event: 8.504 GC heap after
{Heap after GC invocations=9 (full 0):
 garbage-first heap   total 262144K, used 38453K [0x0000000701800000, 0x0000000800000000)
  region size 1024K, 2 young (2048K), 2 survivors (2048K)
 Metaspace       used 49486K, capacity 50006K, committed 50128K, reserved 1093632K
  class space    used 5783K, capacity 6002K, committed 6016K, reserved 1048576K
}
Event: 12.413 GC heap before
{Heap before GC invocations=9 (full 0):
 garbage-first heap   total 262144K, used 123445K [0x0000000701800000, 0x0000000800000000)
  region size 1024K, 85 young (87040K), 2 survivors (2048K)
 Metaspace       used 59120K, capacity 59849K, committed 59984K, reserved 1101824K
  class space    used 6812K, capacity 7135K, committed 7168K, reserved 1048576K
}
Event: 12.430 GC heap after
{Heap after GC invocations=10 (full 0):
 garbage-first heap   total 315392K, used 51200K [0x0000000701800000, 0x0000000800000000)
  region size 1024K, 11 young (11264K), 11 survivors (11264K)
 Metaspace       used 59120K, capacity 59849K, committed 59984K, reserved 1101824K
  class space    used 6812K, capacity 7135K, committed 7168K, reserved 1048576K
}
Event: 13.535 GC heap before
{Heap before GC invocations=10 (full 0):
 garbage-first heap   total 315392K, used 70656K [0x0000000701800000, 0x0000000800000000)
  region size 1024K, 31 young (31744K), 11 survivors (11264K)
 Metaspace       used 59509K, capacity 60217K, committed 60296K, reserved 1101824K
  class space    used 6854K, capacity 7173K, committed 7224K, reserved 1048576K
}
Event: 13.551 GC heap after
{Heap after GC invocations=11 (full 0):
 garbage-first heap   total 315392K, used 55797K [0x0000000701800000, 0x0000000800000000)
  region size 1024K, 5 young (5120K), 5 survivors (5120K)
 Metaspace       used 59509K, capacity 60217K, committed 60296K, reserved 1101824K
  class space    used 6854K, capacity 7173K, committed 7224K, reserved 1048576K
}

